<?xml version="1.0" encoding="UTF-8"?>
<!-- Generated by org.testng.reporters.JUnitReportReporter -->
<testsuite hostname="Paras-Sharma" failures="0" tests="1" name="com.csg.tau.TestProject.TestScript.AlertHandling" time="43.617" errors="0" timestamp="13 Sep 2024 16:29:44 GMT">
  <testcase classname="com.csg.tau.TestProject.TestScript.AlertHandling" name="abc" time="43.617"/>
</testsuite> <!-- com.csg.tau.TestProject.TestScript.AlertHandling -->
