<?xml version="1.0" encoding="UTF-8"?>
<!-- Generated by org.testng.reporters.JUnitReportReporter -->
<testsuite hostname="Paras-Sharma" failures="0" tests="1" name="com.csg.tau.TestProject.TestScript.TestString" time="2.962" errors="0" timestamp="8 Jun 2022 15:26:05 GMT">
  <testcase classname="com.csg.tau.TestProject.TestScript.TestString" name="test" time="2.962"/>
</testsuite> <!-- com.csg.tau.TestProject.TestScript.TestString -->
