<?xml version="1.0" encoding="UTF-8"?>
<!-- Generated by org.testng.reporters.JUnitReportReporter -->
<testsuite hostname="Paras-Sharma" failures="0" tests="1" name="com.csg.tau.TestProject.TestScript.WindlowHandlling" time="31.273" errors="0" timestamp="29 Mar 2022 15:44:38 GMT">
  <testcase classname="com.csg.tau.TestProject.TestScript.WindlowHandlling" name="test1" time="31.273"/>
</testsuite> <!-- com.csg.tau.TestProject.TestScript.WindlowHandlling -->
