<?xml version="1.0" encoding="UTF-8"?>
<!-- Generated by org.testng.reporters.JUnitReportReporter -->
<testsuite hostname="Paras-Sharma" failures="0" tests="5" name="com.csg.tau.TestProject.TestScript.MultipleMethods" time="4.126" errors="0" timestamp="8 Jun 2022 15:57:40 GMT">
  <testcase classname="com.csg.tau.TestProject.TestScript.MultipleMethods" name="atest" time="0.001"/>
  <testcase classname="com.csg.tau.TestProject.TestScript.MultipleMethods" name="ktest" time="0.005"/>
  <testcase classname="com.csg.tau.TestProject.TestScript.MultipleMethods" name="ztest" time="0.002"/>
  <testcase classname="com.csg.tau.TestProject.TestScript.MultipleMethods" name="btest" time="4.085"/>
  <testcase classname="com.csg.tau.TestProject.TestScript.MultipleMethods" name="mtest" time="0.033"/>
</testsuite> <!-- com.csg.tau.TestProject.TestScript.MultipleMethods -->
