<?xml version="1.0" encoding="UTF-8"?>
<!-- Generated by org.testng.reporters.JUnitReportReporter -->
<testsuite hostname="Paras" name="com.csg.tau.TestProject.TestScript.test" tests="1" failures="0" timestamp="21 Jul 2019 07:25:23 GMT" time="147.060" errors="0">
  <testcase name="f1" time="147.060" classname="com.csg.tau.TestProject.TestScript.test"/>
</testsuite> <!-- com.csg.tau.TestProject.TestScript.test -->
