<?xml version="1.0" encoding="UTF-8"?>
<!-- Generated by org.testng.reporters.JUnitReportReporter -->
<testsuite hostname="Paras-Sharma" failures="0" tests="1" name="com.csg.tau.TestProject.TestScript.MultipleMethods" time="0.030" errors="0" timestamp="29 Mar 2022 16:03:34 GMT">
  <testcase classname="com.csg.tau.TestProject.TestScript.MultipleMethods" name="ctest" time="0.030"/>
</testsuite> <!-- com.csg.tau.TestProject.TestScript.MultipleMethods -->
