<?xml version="1.0" encoding="UTF-8"?>
<!-- Generated by org.testng.reporters.JUnitReportReporter -->
<testsuite hostname="Paras-Sharma" failures="0" tests="1" name="com.csg.tau.TestProject.TestScript.AlertsHandle" time="19.187" errors="0" timestamp="8 Jun 2022 15:57:40 GMT">
  <testcase classname="com.csg.tau.TestProject.TestScript.AlertsHandle" name="xyz" time="19.187"/>
</testsuite> <!-- com.csg.tau.TestProject.TestScript.AlertsHandle -->
